-------------------------------------------------------------------------------
Test set: tests.CreateUserTest
-------------------------------------------------------------------------------
Tests run: 2, Failures: 1, Errors: 0, Skipped: 0, Time elapsed: 16.405 s <<< FAILURE! - in tests.CreateUserTest
tests.CreateUserTest.verifyGetDetailsOfSingleUser  Time elapsed: 8.837 s  <<< FAILURE!
java.lang.AssertionError: expected:<200> but was:<404>
	at SerenityProject1@1.0-SNAPSHOT/tests.CreateUserTest.verifyGetDetailsOfSingleUser(CreateUserTest.java:38)

